<?xml version="1.0" encoding="UTF-8" ?>
<testsuite errors="0" failures="0" hostname="DESKTOP-TSOCKAR" name="com.appl.atm.model.DepositSlotTest" skipped="0" tests="1" time="0.625" timestamp="2019-05-31T10:20:38">
  <properties>
    <property name="default.javac.source" value="1.6" />
    <property name="file.encoding.pkg" value="sun.io" />
    <property name="javac.source" value="1.8" />
    <property name="testng.debug.mode" value="" />
    <property name="java.home" value="C:\Program Files\Java\jdk1.8.0_111\jre" />
    <property name="test.src.dir" value="test" />
    <property name="sun.java2d.dpiaware" value="true" />
    <property name="javadoc.version" value="false" />
    <property name="ant.file.ATM_D4" value="E:\ADI\Tugas negara\Semester 2\Teknik Pemrograman\PR\Kolaborasi\ATM_D4_Kelompok_4\ATM_D4\build.xml" />
    <property name="java.endorsed.dirs" value="C:\Program Files\Java\jdk1.8.0_111\jre\lib\endorsed" />
    <property name="src.dir" value="src" />
    <property name="sun.java2d.noddraw" value="true" />
    <property name="debug-args-line" value="-Xdebug" />
    <property name="netbeans.hash.code" value="unique=NBJDK_EXTIDE_JAVA_JDK0a69be100-4b8c-43ec-8263-ed6b96c3b873_1ee81320-a5ec-44cd-b028-0c2a899ef0d8" />
    <property name="build.sysclasspath" value="ignore" />
    <property name="have.sources" value="true" />
    <property name="includes" value="**" />
    <property name="javac.fork" value="true" />
    <property name="source.encoding" value="UTF-8" />
    <property name="sun.os.patch.level" value="" />
    <property name="java.vendor.url" value="http://java.oracle.com/" />
    <property name="java.version" value="1.8.0_111" />
    <property name="nb.show.statistics.ui" value="usageStatisticsEnabled" />
    <property name="javac.debug" value="true" />
    <property name="org.openide.major.version" value="IDE/1" />
    <property name="run.classpath" value=":build/classes" />
    <property name="java.vendor.url.bug" value="http://bugreport.sun.com/bugreport/" />
    <property name="netbeans.autoupdate.variant" value="" />
    <property name="netbeans.buildnumber" value="201609300101" />
    <property name="ant.project.invoked-targets" value="test-single" />
    <property name="annotation.processing.run.all.processors" value="true" />
    <property name="manifest.file" value="manifest.mf" />
    <property name="user.name" value="Ucang" />
    <property name="empty.dir" value="E:\ADI\Tugas negara\Semester 2\Teknik Pemrograman\PR\Kolaborasi\ATM_D4_Kelompok_4\ATM_D4\build\empty" />
    <property name="sun.io.unicode.encoding" value="UnicodeLittle" />
    <property name="sun.jnu.encoding" value="Cp1252" />
    <property name="java.runtime.name" value="Java(TM) SE Runtime Environment" />
    <property name="jdk.home" value="C:\Program Files\Java\jdk1.8.0_111" />
    <property name="sun.awt.keepWorkingSetOnMinimize" value="true" />
    <property name="netbeans.autoupdate.version" value="1.23" />
    <property name="netbeans.dirs" value="C:\Program Files\NetBeans 8.2\nb;C:\Program Files\NetBeans 8.2\ergonomics;C:\Program Files\NetBeans 8.2\ide;C:\Program Files\NetBeans 8.2\extide;C:\Program Files\NetBeans 8.2\java;C:\Program Files\NetBeans 8.2\apisupport;C:\Program Files\NetBeans 8.2\webcommon;C:\Program Files\NetBeans 8.2\websvccommon;C:\Program Files\NetBeans 8.2\enterprise;C:\Program Files\NetBeans 8.2\mobility;C:\Program Files\NetBeans 8.2\profiler;C:\Program Files\NetBeans 8.2\python;C:\Program Files\NetBeans 8.2\php;C:\Program Files\NetBeans 8.2\identity;C:\Program Files\NetBeans 8.2\harness;C:\Program Files\NetBeans 8.2\cnd;C:\Program Files\NetBeans 8.2\cndext;C:\Program Files\NetBeans 8.2\dlight;C:\Program Files\NetBeans 8.2\groovy;C:\Program Files\NetBeans 8.2\extra;C:\Program Files\NetBeans 8.2\javacard;C:\Program Files\NetBeans 8.2\javafx" />
    <property name="main.class.available" value="true" />
    <property name="java.specification.name" value="Java Platform API Specification" />
    <property name="sun.awt.datatransfer.timeout" value="1000" />
    <property name="javadoc.author" value="false" />
    <property name="ap.proc.none.internal" value="" />
    <property name="user.timezone" value="" />
    <property name="nb.native.filechooser" value="false" />
    <property name="manifest.available" value="true" />
    <property name="ant.file.type.ATM_D4" value="file" />
    <property name="org.openide.specification.version" value="6.2" />
    <property name="user.script" value="" />
    <property name="path.separator" value=";" />
    <property name="testng.mode" value="testng" />
    <property name="version-output" value="java version &quot;1.8" />
    <property name="netbeans.accept_license_class" value="org.netbeans.license.AcceptLicense" />
    <property name="file.encoding" value="Cp1252" />
    <property name="dist.javadoc.dir" value="dist/javadoc" />
    <property name="ant.project.default-target" value="default" />
    <property name="javac.profile.cmd.line.arg" value="" />
    <property name="sun.java.command" value="org.apache.tools.ant.taskdefs.optional.junit.JUnitTestRunner com.appl.atm.model.DepositSlotTest skipNonTests=false filtertrace=true haltOnError=false haltOnFailure=false showoutput=true outputtoformatters=true logfailedtests=true threadid=0 logtestlistenerevents=true formatter=org.apache.tools.ant.taskdefs.optional.junit.BriefJUnitResultFormatter formatter=org.apache.tools.ant.taskdefs.optional.junit.XMLJUnitResultFormatter,E:\ADI\Tugas negara\Semester 2\Teknik Pemrograman\PR\Kolaborasi\ATM_D4_Kelompok_4\ATM_D4\build\test\results\TEST-com.appl.atm.model.DepositSlotTest.xml crashfile=E:\ADI\Tugas negara\Semester 2\Teknik Pemrograman\PR\Kolaborasi\ATM_D4_Kelompok_4\ATM_D4\build\junitvmwatcher737116391126544712.properties propsfile=E:\ADI\Tugas negara\Semester 2\Teknik Pemrograman\PR\Kolaborasi\ATM_D4_Kelompok_4\ATM_D4\build\junit893253543210286516.properties" />
    <property name="https.nonProxyHosts" value="localhost|127.0.0.1|DESKTOP-TSOCKAR" />
    <property name="built-jar.properties" value="E:\ADI\Tugas negara\Semester 2\Teknik Pemrograman\PR\Kolaborasi\ATM_D4_Kelompok_4\ATM_D4\build\built-jar.properties" />
    <property name="ant.junit.enabletestlistenerevents" value="true" />
    <property name="ant.file" value="E:\ADI\Tugas negara\Semester 2\Teknik Pemrograman\PR\Kolaborasi\ATM_D4_Kelompok_4\ATM_D4\build.xml" />
    <property name="junit.available" value="true" />
    <property name="netbeans.autoupdate.language" value="en" />
    <property name="java.io.tmpdir" value="C:\Users\Ucang\AppData\Local\Temp\" />
    <property name="build.test.results.dir" value="build/test/results" />
    <property name="user.language" value="en" />
    <property name="line.separator" value="&#xd;&#xa;" />
    <property name="apple.laf.useScreenMenuBar" value="true" />
    <property name="javac.compilerargs" value="" />
    <property name="jar.compress" value="false" />
    <property name="debug-transport-by-os" value="dt_shmem" />
    <property name="java.vm.info" value="mixed mode" />
    <property name="javadoc.private" value="false" />
    <property name="annotation.processing.processors.list" value="" />
    <property name="sun.desktop" value="windows" />
    <property name="java.vm.specification.name" value="Java Virtual Machine Specification" />
    <property name="build.test.classes.dir" value="build/test/classes" />
    <property name="test.binaryexcludes" value="" />
    <property name="netbeans.dynamic.classpath" value="C:\Program Files\NetBeans 8.2\platform\core\asm-all-5.0.1.jar;C:\Program Files\NetBeans 8.2\platform\core\core-base.jar;C:\Program Files\NetBeans 8.2\platform\core\core.jar;C:\Program Files\NetBeans 8.2\platform\core\org-netbeans-libs-asm.jar;C:\Program Files\NetBeans 8.2\platform\core\org-openide-filesystems-compat8.jar;C:\Program Files\NetBeans 8.2\platform\core\org-openide-filesystems.jar;C:\Program Files\NetBeans 8.2\platform\core\locale\core-base_ja.jar;C:\Program Files\NetBeans 8.2\platform\core\locale\core-base_pt_BR.jar;C:\Program Files\NetBeans 8.2\platform\core\locale\core-base_ru.jar;C:\Program Files\NetBeans 8.2\platform\core\locale\core-base_zh_CN.jar;C:\Program Files\NetBeans 8.2\platform\core\locale\core_ja.jar;C:\Program Files\NetBeans 8.2\platform\core\locale\core_pt_BR.jar;C:\Program Files\NetBeans 8.2\platform\core\locale\core_ru.jar;C:\Program Files\NetBeans 8.2\platform\core\locale\core_zh_CN.jar;C:\Program Files\NetBeans 8.2\platform\core\locale\org-netbeans-libs-asm_ja.jar;C:\Program Files\NetBeans 8.2\platform\core\locale\org-netbeans-libs-asm_pt_BR.jar;C:\Program Files\NetBeans 8.2\platform\core\locale\org-netbeans-libs-asm_ru.jar;C:\Program Files\NetBeans 8.2\platform\core\locale\org-netbeans-libs-asm_zh_CN.jar;C:\Program Files\NetBeans 8.2\platform\core\locale\org-openide-filesystems-compat8_ja.jar;C:\Program Files\NetBeans 8.2\platform\core\locale\org-openide-filesystems-compat8_pt_BR.jar;C:\Program Files\NetBeans 8.2\platform\core\locale\org-openide-filesystems-compat8_ru.jar;C:\Program Files\NetBeans 8.2\platform\core\locale\org-openide-filesystems-compat8_zh_CN.jar;C:\Program Files\NetBeans 8.2\platform\core\locale\org-openide-filesystems_ja.jar;C:\Program Files\NetBeans 8.2\platform\core\locale\org-openide-filesystems_pt_BR.jar;C:\Program Files\NetBeans 8.2\platform\core\locale\org-openide-filesystems_ru.jar;C:\Program Files\NetBeans 8.2\platform\core\locale\org-openide-filesystems_zh_CN.jar;C:\Program Files\NetBeans 8.2\nb\core\org-netbeans-upgrader.jar;C:\Program Files\NetBeans 8.2\nb\core\locale\core_nb.jar;C:\Program Files\NetBeans 8.2\nb\core\locale\core_nb_ja.jar;C:\Program Files\NetBeans 8.2\nb\core\locale\core_nb_pt_BR.jar;C:\Program Files\NetBeans 8.2\nb\core\locale\core_nb_ru.jar;C:\Program Files\NetBeans 8.2\nb\core\locale\core_nb_zh_CN.jar;C:\Program Files\NetBeans 8.2\nb\core\locale\org-netbeans-upgrader_ja.jar;C:\Program Files\NetBeans 8.2\nb\core\locale\org-netbeans-upgrader_pt_BR.jar;C:\Program Files\NetBeans 8.2\nb\core\locale\org-netbeans-upgrader_ru.jar;C:\Program Files\NetBeans 8.2\nb\core\locale\org-netbeans-upgrader_zh_CN.jar" />
    <property name="platform.active" value="default_platform" />
    <property name="ap.cmd.line.internal" value="" />
    <property name="javac.includes.binary" value="E:\ADI\Tugas negara\Semester 2\Teknik Pemrograman\PR\Kolaborasi\ATM_D4_Kelompok_4\ATM_D4\build\test\classes\com\appl\atm\model\DepositSlotTest.class" />
    <property name="jdkBug6558476" value="false" />
    <property name="java.failonerror" value="true" />
    <property name="http.nonProxyHosts" value="localhost|127.0.0.1|DESKTOP-TSOCKAR" />
    <property name="javac.includes" value="com/appl/atm/model/DepositSlotTest.java" />
    <property name="netbeans.autoupdate.country" value="ID" />
    <property name="javadoc.encoding" value="UTF-8" />
    <property name="java.awt.printerjob" value="sun.awt.windows.WPrinterJob" />
    <property name="ap.processors.internal" value="" />
    <property name="do.archive" value="true" />
    <property name="dist.jar" value="dist/ATM_D4.jar" />
    <property name="meta.inf.dir" value="src/META-INF" />
    <property name="ant.version" value="Apache Ant(TM) version 1.9.7 compiled on April 9 2016" />
    <property name="netbeans.home" value="C:\Program Files\NetBeans 8.2\platform" />
    <property name="javadoc.nonavbar" value="false" />
    <property name="user.properties.file" value="C:\Users\mufqi\AppData\Roaming\NetBeans\8.2\build.properties" />
    <property name="netbeans.importclass" value="org.netbeans.upgrade.AutoUpgrade" />
    <property name="javac.external.vm" value="true" />
    <property name="annotation.processing.source.output" value="build/generated-sources/ap-source-output" />
    <property name="build.generated.dir" value="build/generated" />
    <property name="netbeans.home+have.tests" value="true" />
    <property name="apple.awt.graphics.UseQuartz" value="true" />
    <property name="os.name" value="Windows 10" />
    <property name="java.specification.vendor" value="Oracle Corporation" />
    <property name="run.test.classpath" value=":build/classes:${libs.junit_4.classpath}:${libs.hamcrest.classpath}:..\mockito-all-1.9.5.jar:C:\Users\Zara Veda\Documents\NetBeansProjects\hamcrest-core-1.3.jar:C:\Users\Zara Veda\Documents\NetBeansProjects\junit-4.12.jar:C:\Program Files\NetBeans 8.2\Library\hamcrest-core-1.3.jar:C:\Program Files\NetBeans 8.2\Library\junit-4.12.jar:build/test/classes" />
    <property name="do.archive+main.class.available" value="true" />
    <property name="java.vm.name" value="Java HotSpot(TM) 64-Bit Server VM" />
    <property name="org.openide.version" value="deprecated" />
    <property name="sun.awt.enableExtraMouseButtons" value="true" />
    <property name="ap.supported.internal" value="true" />
    <property name="java.library.path" value="C:\Program Files\Java\jdk1.8.0_111\jre\bin;C:\Windows\Sun\Java\bin;C:\Windows\system32;C:\Windows;C:\Program Files\Java\jdk1.8.0_111\bin;C:\Program Files\Java\jdk1.8.0_111\bin;C:\Users\Ucang\AppData\Local\Programs\Microsoft VS Code\bin;." />
    <property name="ant.java.version" value="1.8" />
    <property name="basedir" value="E:\ADI\Tugas negara\Semester 2\Teknik Pemrograman\PR\Kolaborasi\ATM_D4_Kelompok_4\ATM_D4" />
    <property name="javadoc.noindex" value="false" />
    <property name="jna.boot.library.name" value="jnidispatch-422" />
    <property name="java.class.version" value="52.0" />
    <property name="javac.test.classpath" value=":build/classes:${libs.junit_4.classpath}:${libs.hamcrest.classpath}:..\mockito-all-1.9.5.jar:C:\Users\Zara Veda\Documents\NetBeansProjects\hamcrest-core-1.3.jar:C:\Users\Zara Veda\Documents\NetBeansProjects\junit-4.12.jar:C:\Program Files\NetBeans 8.2\Library\hamcrest-core-1.3.jar:C:\Program Files\NetBeans 8.2\Library\junit-4.12.jar" />
    <property name="javac.processorpath" value="" />
    <property name="ant.home" value="C:\Program Files\NetBeans 8.2\extide\ant" />
    <property name="javadoc.splitindex" value="true" />
    <property name="javac.test.processorpath" value=":build/classes:${libs.junit_4.classpath}:${libs.hamcrest.classpath}:..\mockito-all-1.9.5.jar:C:\Users\Zara Veda\Documents\NetBeansProjects\hamcrest-core-1.3.jar:C:\Users\Zara Veda\Documents\NetBeansProjects\junit-4.12.jar:C:\Program Files\NetBeans 8.2\Library\hamcrest-core-1.3.jar:C:\Program Files\NetBeans 8.2\Library\junit-4.12.jar" />
    <property name="javadoc.preview" value="true" />
    <property name="copylibs.rebase" value="true" />
    <property name="junit.forkmode" value="perTest" />
    <property name="test.binarytestincludes" value="" />
    <property name="dist.archive.excludes" value="" />
    <property name="sun.boot.library.path" value="C:\Program Files\Java\jdk1.8.0_111\jre\bin" />
    <property name="build.dir" value="build" />
    <property name="sun.management.compiler" value="HotSpot 64-Bit Tiered Compilers" />
    <property name="java.awt.graphicsenv" value="sun.awt.Win32GraphicsEnvironment" />
    <property name="user.variant" value="" />
    <property name="javadoc.encoding.used" value="UTF-8" />
    <property name="javadoc.windowtitle" value="" />
    <property name="netbeans.productversion" value="NetBeans IDE 8.2 (Build 201609300101)" />
    <property name="run.jvmargs.ide" value="" />
    <property name="annotation.processing.enabled" value="true" />
    <property name="nb.junit.single" value="false" />
    <property name="build.generated.sources.dir" value="build/generated-sources" />
    <property name="run.jvmargs" value="" />
    <property name="build.compiler.emacs" value="true" />
    <property name="ant.project.name" value="ATM_D4" />
    <property name="java.vm.specification.version" value="1.8" />
    <property name="work.dir" value="E:\ADI\Tugas negara\Semester 2\Teknik Pemrograman\PR\Kolaborasi\ATM_D4_Kelompok_4\ATM_D4" />
    <property name="awt.toolkit" value="sun.awt.windows.WToolkit" />
    <property name="javadoc.use" value="true" />
    <property name="sun.cpu.isalist" value="amd64" />
    <property name="java.ext.dirs" value="C:\Program Files\Java\jdk1.8.0_111\jre\lib\ext;C:\Windows\Sun\Java\lib\ext" />
    <property name="os.version" value="10.0" />
    <property name="netbeans.default_userdir_root" value="C:\Users\Ucang\AppData\Roaming\NetBeans" />
    <property name="jna.loaded" value="true" />
    <property name="excludes" value="" />
    <property name="user.home" value="C:\Users\Ucang" />
    <property name="org.xml.sax.driver" value="com.sun.org.apache.xerces.internal.jaxp.SAXParserImpl$JAXPSAXParser" />
    <property name="test.class" value="com.appl.atm.model.DepositSlotTest" />
    <property name="ant.file.ATM_D4-impl" value="E:\ADI\Tugas negara\Semester 2\Teknik Pemrograman\PR\Kolaborasi\ATM_D4_Kelompok_4\ATM_D4\nbproject\build-impl.xml" />
    <property name="java.vm.vendor" value="Oracle Corporation" />
    <property name="user.dir" value="E:\ADI\Tugas negara\Semester 2\Teknik Pemrograman\PR\Kolaborasi\ATM_D4_Kelompok_4\ATM_D4" />
    <property name="file.reference.junit-4.12.jar-1" value="C:\Program Files\NetBeans 8.2\Library\junit-4.12.jar" />
    <property name="debug-transport" value="dt_shmem" />
    <property name="application.args" value="" />
    <property name="sun.cpu.endian" value="little" />
    <property name="javac.includesfile.binary" value="E:\ADI\Tugas negara\Semester 2\Teknik Pemrograman\PR\Kolaborasi\ATM_D4_Kelompok_4\ATM_D4\null2095071432" />
    <property name="file.reference.hamcrest-core-1.3.jar-1" value="C:\Program Files\NetBeans 8.2\Library\hamcrest-core-1.3.jar" />
    <property name="ignore.failing.tests" value="true" />
    <property name="endorsed.classpath.cmd.line.arg" value="" />
    <property name="jar.index" value="false" />
    <property name="java.vm.version" value="25.111-b14" />
    <property name="test.binaryincludes" value="&lt;nothing&gt;" />
    <property name="java.class.path" value="E:\ADI\Tugas negara\Semester 2\Teknik Pemrograman\PR\Kolaborasi\ATM_D4_Kelompok_4\ATM_D4\build\classes;C:\Program Files\NetBeans 8.2\Library\hamcrest-core-1.3.jar;C:\Program Files\NetBeans 8.2\Library\junit-4.12.jar;E:\ADI\Tugas negara\Semester 2\Teknik Pemrograman\PR\Kolaborasi\ATM_D4_Kelompok_4\ATM_D4\build\test\classes;C:\Program Files\NetBeans 8.2\extide\ant\lib\ant-launcher.jar;C:\Program Files\NetBeans 8.2\extide\ant\lib\ant.jar;C:\Program Files\NetBeans 8.2\extide\ant\lib\ant-junit.jar;C:\Program Files\NetBeans 8.2\extide\ant\lib\ant-junit4.jar" />
    <property name="annotation.processing.processor.options" value="" />
    <property name="nb.internal.action.name" value="test.single" />
    <property name="os.arch" value="amd64" />
    <property name="javac.deprecation" value="false" />
    <property name="ant.file.type.ATM_D4-impl" value="file" />
    <property name="manifest.encoding" value="UTF-8" />
    <property name="build.classes.excludes" value="**/*.java,**/*.form" />
    <property name="dist.dir" value="dist" />
    <property name="netbeans.user" value="C:\Users\Ucang\AppData\Roaming\NetBeans\8.2" />
    <property name="debug.classpath" value=":build/classes" />
    <property name="sun.java.launcher" value="SUN_STANDARD" />
    <property name="jar.index.metainf" value="false" />
    <property name="platform.java" value="C:\Program Files\Java\jdk1.8.0_111\jre/bin/java" />
    <property name="annotation.processing.enabled.in.editor" value="false" />
    <property name="ant.core.lib" value="C:\Program Files\NetBeans 8.2\extide\ant\lib\ant.jar" />
    <property name="file.reference.hamcrest-core-1.3.jar" value="C:\Users\Zara Veda\Documents\NetBeansProjects\hamcrest-core-1.3.jar" />
    <property name="java.vm.specification.vendor" value="Oracle Corporation" />
    <property name="do.depend" value="false" />
    <property name="file.separator" value="\" />
    <property name="java.runtime.version" value="1.8.0_111-b14" />
    <property name="sun.boot.class.path" value="C:\Program Files\Java\jdk1.8.0_111\jre\lib\resources.jar;C:\Program Files\Java\jdk1.8.0_111\jre\lib\rt.jar;C:\Program Files\Java\jdk1.8.0_111\jre\lib\sunrsasign.jar;C:\Program Files\Java\jdk1.8.0_111\jre\lib\jsse.jar;C:\Program Files\Java\jdk1.8.0_111\jre\lib\jce.jar;C:\Program Files\Java\jdk1.8.0_111\jre\lib\charsets.jar;C:\Program Files\Java\jdk1.8.0_111\jre\lib\jfr.jar;C:\Program Files\Java\jdk1.8.0_111\jre\classes" />
    <property name="debug.test.classpath" value=":build/classes:${libs.junit_4.classpath}:${libs.hamcrest.classpath}:..\mockito-all-1.9.5.jar:C:\Users\Zara Veda\Documents\NetBeansProjects\hamcrest-core-1.3.jar:C:\Users\Zara Veda\Documents\NetBeansProjects\junit-4.12.jar:C:\Program Files\NetBeans 8.2\Library\hamcrest-core-1.3.jar:C:\Program Files\NetBeans 8.2\Library\junit-4.12.jar:build/test/classes" />
    <property name="nb.junit.batch" value="true" />
    <property name="have.tests" value="true" />
    <property name="main.class" value="com.appl.atm.controller.MainATM" />
    <property name="test.includes" value="com/appl/atm/model/DepositSlotTest.java" />
    <property name="jdk.launcher.addexports.5" value="java.management/sun.management=ALL-UNNAMED" />
    <property name="jdk.launcher.addexports.4" value="java.desktop/com.sun.java.swing.plaf.windows=ALL-UNNAMED" />
    <property name="java.util.logging.config.class" value="org.netbeans.core.startup.TopLogging" />
    <property name="jdk.launcher.addexports.3" value="java.desktop/sun.awt.im=ALL-UNNAMED" />
    <property name="jdk.launcher.addexports.2" value="java.desktop/java.awt.peer=ALL-UNNAMED" />
    <property name="file.reference.mockito-all-1.9.5.jar" value="..\mockito-all-1.9.5.jar" />
    <property name="jdk.launcher.addexports.1" value="java.base/jdk.internal.jrtfs=ALL-UNNAMED" />
    <property name="jdk.launcher.addexports.0" value="java.desktop/sun.awt=ALL-UNNAMED" />
    <property name="user.country" value="ID" />
    <property name="javadoc.notree" value="false" />
    <property name="file.reference.junit-4.12.jar" value="C:\Users\Zara Veda\Documents\NetBeansProjects\junit-4.12.jar" />
    <property name="javadoc.additionalparam" value="" />
    <property name="default.javac.target" value="1.6" />
    <property name="javac.classpath" value="" />
    <property name="build.classes.dir" value="build/classes" />
    <property name="do.archive+manifest.available" value="true" />
    <property name="javac.target" value="1.8" />
    <property name="java.vendor" value="Oracle Corporation" />
    <property name="org.openide.awt.ActionReference.completion" value="org.netbeans.modules.apisupport.project.layers.PathCompletions" />
    <property name="runtime.encoding" value="UTF-8" />
    <property name="java.specification.version" value="1.8" />
    <property name="sun.arch.data.model" value="64" />
    <property name="mkdist.disabled" value="false" />
  </properties>
  <testcase classname="com.appl.atm.model.DepositSlotTest" name="testDeleteList" time="0.038" />
  <system-out><![CDATA[deleteList
]]></system-out>
  <system-err><![CDATA[]]></system-err>
</testsuite>
